------ A C C E S S ------
Petición de acceso: GET /udc.gif
IP cliente: /0:0:0:0:0:0:0:1
Fecha y hora de petición: Fri Mar 27 00:42:51 CET 2020
Código de estado: OK
Tamaño: 4250

-------------------------

------ A C C E S S ------
Petición de acceso: GET /udc.gif
IP cliente: /0:0:0:0:0:0:0:1
Fecha y hora de petición: Fri Mar 27 00:43:01 CET 2020
Código de estado: OK
Tamaño: 4250

-------------------------

------ A C C E S S ------
Petición de acceso: GET /udc.gif
IP cliente: /0:0:0:0:0:0:0:1
Fecha y hora de petición: Fri Mar 27 00:43:29 CET 2020
Código de estado: OK
Tamaño: 4250

-------------------------

------ A C C E S S ------
Petición de acceso: GET /udc.gif
IP cliente: /0:0:0:0:0:0:0:1
Fecha y hora de petición: Fri Mar 27 00:43:29 CET 2020
Código de estado: OK
Tamaño: 4250

-------------------------

------ A C C E S S ------
Petición de acceso: GET /udc.gif
IP cliente: /0:0:0:0:0:0:0:1
Fecha y hora de petición: Fri Mar 27 00:43:30 CET 2020
Código de estado: OK
Tamaño: 4250

-------------------------

------ A C C E S S ------
Petición de acceso: GET /udc.gif
IP cliente: /0:0:0:0:0:0:0:1
Fecha y hora de petición: Fri Mar 27 00:43:31 CET 2020
Código de estado: OK
Tamaño: 4250

-------------------------

------ A C C E S S ------
Petición de acceso: GET /udc.gif
IP cliente: /0:0:0:0:0:0:0:1
Fecha y hora de petición: Fri Mar 27 00:45:18 CET 2020
Código de estado: OK
Tamaño: 4250

-------------------------

------ A C C E S S ------
Petición de acceso: GET /udc.gif
IP cliente: /0:0:0:0:0:0:0:1
Fecha y hora de petición: Fri Mar 27 00:45:27 CET 2020
Código de estado: OK
Tamaño: 4250

-------------------------

------ A C C E S S ------
Petición de acceso: GET /udc.gif
IP cliente: /0:0:0:0:0:0:0:1
Fecha y hora de petición: Fri Mar 27 00:46:27 CET 2020
Código de estado: OK
Tamaño: 4250

-------------------------

------ A C C E S S ------
Petición de acceso: GET /udc.gif
IP cliente: /0:0:0:0:0:0:0:1
Fecha y hora de petición: Fri Mar 27 00:46:41 CET 2020
Código de estado: OK
Tamaño: 4250

-------------------------

------ A C C E S S ------
Petición de acceso: GET /index.html
IP cliente: /127.0.0.1
Fecha y hora de petición: Fri Mar 27 01:58:06 CET 2020
Código de estado: OK
Tamaño: 216

-------------------------

------ A C C E S S ------
Petición de acceso: GET /index.html
IP cliente: /127.0.0.1
Fecha y hora de petición: Fri Mar 27 01:58:06 CET 2020
Código de estado: OK
Tamaño: 216

-------------------------

------ A C C E S S ------
Petición de acceso: GET /udc.gif
IP cliente: /127.0.0.1
Fecha y hora de petición: Fri Mar 27 01:58:06 CET 2020
Código de estado: OK
Tamaño: 4250

-------------------------

------ A C C E S S ------
Petición de acceso: GET /fic.png
IP cliente: /127.0.0.1
Fecha y hora de petición: Fri Mar 27 01:58:06 CET 2020
Código de estado: OK
Tamaño: 13320

-------------------------

------ A C C E S S ------
Petición de acceso: GET /license.txt
IP cliente: /127.0.0.1
Fecha y hora de petición: Fri Mar 27 01:58:06 CET 2020
Código de estado: OK
Tamaño: 579

-------------------------

------ A C C E S S ------
Petición de acceso: HEAD /index.html
IP cliente: /127.0.0.1
Fecha y hora de petición: Fri Mar 27 01:58:06 CET 2020
Código de estado: OK
Tamaño: 216

-------------------------

------ A C C E S S ------
Petición de acceso: HEAD /udc.gif
IP cliente: /127.0.0.1
Fecha y hora de petición: Fri Mar 27 01:58:06 CET 2020
Código de estado: OK
Tamaño: 4250

-------------------------

------ A C C E S S ------
Petición de acceso: GET /udc.gif
IP cliente: /0:0:0:0:0:0:0:1
Fecha y hora de petición: Fri Mar 27 01:58:16 CET 2020
Código de estado: OK
Tamaño: 4250

-------------------------

------ A C C E S S ------
Petición de acceso: GET /index.html
IP cliente: /0:0:0:0:0:0:0:1
Fecha y hora de petición: Fri Mar 27 01:58:21 CET 2020
Código de estado: OK
Tamaño: 216

-------------------------

------ A C C E S S ------
Petición de acceso: GET /saludo.html
IP cliente: /0:0:0:0:0:0:0:1
Fecha y hora de petición: Fri Mar 27 01:58:39 CET 2020
Código de estado: OK
Tamaño: 746

-------------------------

------ A C C E S S ------
Petición de acceso: GET /fic.png
IP cliente: /0:0:0:0:0:0:0:1
Fecha y hora de petición: Fri Mar 27 01:58:50 CET 2020
Código de estado: OK
Tamaño: 13320

-------------------------

------ A C C E S S ------
Petición de acceso: GET /license.txt
IP cliente: /0:0:0:0:0:0:0:1
Fecha y hora de petición: Fri Mar 27 01:58:59 CET 2020
Código de estado: OK
Tamaño: 579

-------------------------

------ A C C E S S ------
Petición de acceso: GET /license.txt
IP cliente: /0:0:0:0:0:0:0:1
Fecha y hora de petición: Fri Mar 27 01:59:07 CET 2020
Código de estado: OK
Tamaño: 579

-------------------------

------ A C C E S S ------
Petición de acceso: GET /index.html
IP cliente: /0:0:0:0:0:0:0:1
Fecha y hora de petición: Fri Mar 27 02:00:08 CET 2020
Código de estado: OK
Tamaño: 216

-------------------------

------ A C C E S S ------
Petición de acceso: GET /index.html
IP cliente: /0:0:0:0:0:0:0:1
Fecha y hora de petición: Fri Mar 27 02:00:10 CET 2020
Código de estado: OK
Tamaño: 216

-------------------------

------ A C C E S S ------
Petición de acceso: GET /index.html
IP cliente: /0:0:0:0:0:0:0:1
Fecha y hora de petición: Fri Mar 27 02:00:10 CET 2020
Código de estado: OK
Tamaño: 216

-------------------------

------ A C C E S S ------
Petición de acceso: GET /index.html
IP cliente: /0:0:0:0:0:0:0:1
Fecha y hora de petición: Fri Mar 27 02:00:11 CET 2020
Código de estado: OK
Tamaño: 216

-------------------------

------ A C C E S S ------
Petición de acceso: GET /index.html
IP cliente: /0:0:0:0:0:0:0:1
Fecha y hora de petición: Fri Mar 27 02:00:11 CET 2020
Código de estado: OK
Tamaño: 216

-------------------------

------ A C C E S S ------
Petición de acceso: GET /index.html
IP cliente: /0:0:0:0:0:0:0:1
Fecha y hora de petición: Fri Mar 27 02:00:11 CET 2020
Código de estado: OK
Tamaño: 216

-------------------------

------ A C C E S S ------
Petición de acceso: GET /index.html
IP cliente: /0:0:0:0:0:0:0:1
Fecha y hora de petición: Fri Mar 27 02:00:12 CET 2020
Código de estado: OK
Tamaño: 216

-------------------------

------ A C C E S S ------
Petición de acceso: GET /index.html
IP cliente: /0:0:0:0:0:0:0:1
Fecha y hora de petición: Fri Mar 27 02:00:12 CET 2020
Código de estado: OK
Tamaño: 216

-------------------------

------ A C C E S S ------
Petición de acceso: GET /index.html
IP cliente: /0:0:0:0:0:0:0:1
Fecha y hora de petición: Fri Mar 27 02:00:12 CET 2020
Código de estado: OK
Tamaño: 216

-------------------------

------ A C C E S S ------
Petición de acceso: GET /index.html
IP cliente: /0:0:0:0:0:0:0:1
Fecha y hora de petición: Fri Mar 27 02:00:12 CET 2020
Código de estado: OK
Tamaño: 216

-------------------------

------ A C C E S S ------
Petición de acceso: GET /index.html
IP cliente: /0:0:0:0:0:0:0:1
Fecha y hora de petición: Fri Mar 27 02:00:37 CET 2020
Código de estado: OK
Tamaño: 216

-------------------------

------ A C C E S S ------
Petición de acceso: GET /index.html
IP cliente: /0:0:0:0:0:0:0:1
Fecha y hora de petición: Fri Mar 27 02:00:38 CET 2020
Código de estado: OK
Tamaño: 216

-------------------------

------ A C C E S S ------
Petición de acceso: GET /index.html
IP cliente: /0:0:0:0:0:0:0:1
Fecha y hora de petición: Fri Mar 27 02:00:38 CET 2020
Código de estado: OK
Tamaño: 216

-------------------------

------ A C C E S S ------
Petición de acceso: GET /index.html
IP cliente: /0:0:0:0:0:0:0:1
Fecha y hora de petición: Fri Mar 27 02:00:38 CET 2020
Código de estado: OK
Tamaño: 216

-------------------------

------ A C C E S S ------
Petición de acceso: GET /index.html
IP cliente: /0:0:0:0:0:0:0:1
Fecha y hora de petición: Fri Mar 27 02:01:37 CET 2020
Código de estado: OK
Tamaño: 216

-------------------------

------ A C C E S S ------
Petición de acceso: GET /fic.png
IP cliente: /0:0:0:0:0:0:0:1
Fecha y hora de petición: Fri Mar 27 02:01:56 CET 2020
Código de estado: OK
Tamaño: 13320

-------------------------

------ A C C E S S ------
Petición de acceso: GET /fic.png
IP cliente: /0:0:0:0:0:0:0:1
Fecha y hora de petición: Fri Mar 27 02:02:27 CET 2020
Código de estado: OK
Tamaño: 13320

-------------------------

------ A C C E S S ------
Petición de acceso: GET /license.txt
IP cliente: /0:0:0:0:0:0:0:1
Fecha y hora de petición: Fri Mar 27 02:02:50 CET 2020
Código de estado: OK
Tamaño: 579

-------------------------

